#
# There is insufficient memory for the Java Runtime Environment to continue.
# Native memory allocation (malloc) failed to allocate 524288 bytes for AllocateHeap
# Possible reasons:
#   The system is out of physical RAM or swap space
#   The process is running with CompressedOops enabled, and the Java Heap may be blocking the growth of the native heap
# Possible solutions:
#   Reduce memory load on the system
#   Increase physical memory or swap space
#   Check if swap backing store is full
#   Decrease Java heap size (-Xmx/-Xms)
#   Decrease number of Java threads
#   Decrease Java thread stack sizes (-Xss)
#   Set larger code cache with -XX:ReservedCodeCacheSize=
#   JVM is running with Unscaled Compressed Oops mode in which the Java heap is
#     placed in the first 4GB address space. The Java Heap base address is the
#     maximum limit for the native heap growth. Please use -XX:HeapBaseMinAddress
#     to set the Java Heap base and to place the Java Heap above 4GB virtual address.
# This output file may be truncated or incomplete.
#
#  Out of Memory Error (./src/hotspot/share/memory/allocation.cpp:46), pid=26368, tid=5384
#
# JRE version:  (11.0.11+9) (build )
# Java VM: OpenJDK 64-Bit Server VM (11.0.11+9-b60-7590822, mixed mode, tiered, compressed oops, g1 gc, windows-amd64)
# No core dump will be written. Minidumps are not enabled by default on client versions of Windows
#

---------------  S U M M A R Y ------------

Command Line: org.jetbrains.git4idea.http.GitAskPassApp Username for 'https://github.com': 

Host: Intel(R) Core(TM) i5-8300H CPU @ 2.30GHz, 8 cores, 7G,  Windows 10 , 64 bit Build 22000 (10.0.22000.434)
Time: Tue Mar 22 17:08:50 2022 India Standard Time elapsed time: 0.036273 seconds (0d 0h 0m 0s)

---------------  T H R E A D  ---------------

Current thread (0x000001d0264d0000):  JavaThread "Unknown thread" [_thread_in_vm, id=5384, stack(0x000000b1d4c00000,0x000000b1d4d00000)]

Stack: [0x000000b1d4c00000,0x000000b1d4d00000]
Native frames: (J=compiled Java code, j=interpreted, Vv=VM code, C=native code)
V  [jvm.dll+0x5f214a]
V  [jvm.dll+0x726fb5]
V  [jvm.dll+0x7285cd]
V  [jvm.dll+0x728c83]
V  [jvm.dll+0x243278]
V  [jvm.dll+0xb3a34]
V  [jvm.dll+0x681c7f]
V  [jvm.dll+0x681c17]
V  [jvm.dll+0x681d9a]
V  [jvm.dll+0x7050d2]
V  [jvm.dll+0x7074f7]
V  [jvm.dll+0x3598f9]
V  [jvm.dll+0x6e931e]
V  [jvm.dll+0x3c1c43]
V  [jvm.dll+0x3c3e81]
C  [jli.dll+0x5373]
C  [ucrtbase.dll+0x26c0c]
C  [KERNEL32.DLL+0x154e0]
C  [ntdll.dll+0x485b]


---------------  P R O C E S S  ---------------

Threads class SMR info:
_java_thread_list=0x000001d026391cc0, length=0, elements={
}

Java Threads: ( => current thread )

Other Threads:
  0x000001d0264e8000 GCTaskThread "GC Thread#0" [stack: 0x000000b1d4d00000,0x000000b1d4e00000] [id=20156]
  0x000001d02651b000 ConcurrentGCThread "G1 Main Marker" [stack: 0x000000b1d4e00000,0x000000b1d4f00000] [id=31956]
  0x000001d02651c800 ConcurrentGCThread "G1 Conc#0" [stack: 0x000000b1d4f00000,0x000000b1d5000000] [id=14140]
  0x000001d042612800 ConcurrentGCThread "G1 Refine#0" [stack: 0x000000b1d5000000,0x000000b1d5100000] [id=28256]
  0x000001d042613800 ConcurrentGCThread "G1 Young RemSet Sampling" [stack: 0x000000b1d5100000,0x000000b1d5200000] [id=17572]

=>0x000001d0264d0000 (exited) JavaThread "Unknown thread" [_thread_in_vm, id=5384, stack(0x000000b1d4c00000,0x000000b1d4d00000)]

Threads with active compile tasks:

VM state:not at safepoint (not fully initialized)

VM Mutex/Monitor currently owned by a thread: None

Heap address: 0x0000000082200000, size: 2014 MB, Compressed Oops mode: 32-bit
Narrow klass base: 0x0000000000000000, Narrow klass shift: 3
Compressed class space size: 1073741824 Address: 0x0000000100000000

GC Heap History (0 events):
No events

Deoptimization events (0 events):
No events

Classes redefined (0 events):
No events

Internal exceptions (0 events):
No events

Events (1 events):
Event: 0.016 Loaded shared library D:\Android\jre\bin\zip.dll


Dynamic libraries:
0x00007ff744d80000 - 0x00007ff744d8a000 	D:\Android\jre\bin\java.exe
0x00007ffe6ccc0000 - 0x00007ffe6cec7000 	C:\WINDOWS\SYSTEM32\ntdll.dll
0x00007ffe6bec0000 - 0x00007ffe6bf7d000 	C:\WINDOWS\System32\KERNEL32.DLL
0x00007ffe6a480000 - 0x00007ffe6a7f4000 	C:\WINDOWS\System32\KERNELBASE.dll
0x00007ffe6aa10000 - 0x00007ffe6ab21000 	C:\WINDOWS\System32\ucrtbase.dll
0x00007ffe64250000 - 0x00007ffe64267000 	D:\Android\jre\bin\VCRUNTIME140.dll
0x00007ffe64270000 - 0x00007ffe64289000 	D:\Android\jre\bin\jli.dll
0x00007ffe6b8d0000 - 0x00007ffe6ba7c000 	C:\WINDOWS\System32\USER32.dll
0x00007ffe6ab30000 - 0x00007ffe6ab56000 	C:\WINDOWS\System32\win32u.dll
0x00007ffe597d0000 - 0x00007ffe59a75000 	C:\WINDOWS\WinSxS\amd64_microsoft.windows.common-controls_6595b64144ccf1df_6.0.22000.120_none_9d947278b86cc467\COMCTL32.dll
0x00007ffe6c3f0000 - 0x00007ffe6c419000 	C:\WINDOWS\System32\GDI32.dll
0x00007ffe6ba80000 - 0x00007ffe6bb23000 	C:\WINDOWS\System32\msvcrt.dll
0x00007ffe6a8f0000 - 0x00007ffe6aa02000 	C:\WINDOWS\System32\gdi32full.dll
0x00007ffe6a1b0000 - 0x00007ffe6a24d000 	C:\WINDOWS\System32\msvcp_win.dll
0x00007ffe6bba0000 - 0x00007ffe6bbd1000 	C:\WINDOWS\System32\IMM32.DLL
0x00007ffe4e840000 - 0x00007ffe4e8dd000 	D:\Android\jre\bin\msvcp140.dll
0x00007ffe02790000 - 0x00007ffe03265000 	D:\Android\jre\bin\server\jvm.dll
0x00007ffe6bbf0000 - 0x00007ffe6bc9e000 	C:\WINDOWS\System32\ADVAPI32.dll
0x00007ffe6b510000 - 0x00007ffe6b5ae000 	C:\WINDOWS\System32\sechost.dll
0x00007ffe6bda0000 - 0x00007ffe6bec0000 	C:\WINDOWS\System32\RPCRT4.dll
0x00007ffe6b6f0000 - 0x00007ffe6b6f8000 	C:\WINDOWS\System32\PSAPI.DLL
0x00007ffe64cf0000 - 0x00007ffe64d23000 	C:\WINDOWS\SYSTEM32\WINMM.dll
0x00007ffe64c40000 - 0x00007ffe64c4a000 	C:\WINDOWS\SYSTEM32\VERSION.dll
0x00007ffe51140000 - 0x00007ffe51149000 	C:\WINDOWS\SYSTEM32\WSOCK32.dll
0x00007ffe6bb30000 - 0x00007ffe6bb9f000 	C:\WINDOWS\System32\WS2_32.dll
0x00007ffe69350000 - 0x00007ffe69368000 	C:\WINDOWS\SYSTEM32\kernel.appcore.dll
0x00007ffe624e0000 - 0x00007ffe624f1000 	D:\Android\jre\bin\verify.dll
0x00007ffe67ea0000 - 0x00007ffe680c1000 	C:\WINDOWS\SYSTEM32\DBGHELP.DLL
0x00007ffe62960000 - 0x00007ffe62991000 	C:\WINDOWS\SYSTEM32\dbgcore.DLL
0x00007ffe6a800000 - 0x00007ffe6a87f000 	C:\WINDOWS\System32\bcryptPrimitives.dll
0x00007ffe50c70000 - 0x00007ffe50c99000 	D:\Android\jre\bin\java.dll
0x00007ffe64630000 - 0x00007ffe6463b000 	D:\Android\jre\bin\jimage.dll
0x00007ffe61d60000 - 0x00007ffe61d78000 	D:\Android\jre\bin\zip.dll

dbghelp: loaded successfully - version: 4.0.5 - missing functions: none
symbol engine: initialized successfully - sym options: 0x614 - pdb path: .;D:\Android\jre\bin;C:\WINDOWS\SYSTEM32;C:\WINDOWS\WinSxS\amd64_microsoft.windows.common-controls_6595b64144ccf1df_6.0.22000.120_none_9d947278b86cc467;D:\Android\jre\bin\server

VM Arguments:
java_command: org.jetbrains.git4idea.http.GitAskPassApp Username for 'https://github.com': 
java_class_path (initial): D:/Android/plugins/git4idea/lib/git4idea-rt.jar;D:/Android/lib/xmlrpc-2.0.1.jar;D:/Android/lib/commons-codec-1.15.jar
Launcher Type: SUN_STANDARD

[Global flags]
     intx CICompilerCount                          = 4                                         {product} {ergonomic}
     uint ConcGCThreads                            = 2                                         {product} {ergonomic}
     uint G1ConcRefinementThreads                  = 8                                         {product} {ergonomic}
   size_t G1HeapRegionSize                         = 1048576                                   {product} {ergonomic}
    uintx GCDrainStackTargetSize                   = 64                                        {product} {ergonomic}
   size_t InitialHeapSize                          = 132120576                                 {product} {ergonomic}
   size_t MarkStackSize                            = 4194304                                   {product} {ergonomic}
   size_t MaxHeapSize                              = 2111832064                                {product} {ergonomic}
   size_t MaxNewSize                               = 1266679808                                {product} {ergonomic}
   size_t MinHeapDeltaBytes                        = 1048576                                   {product} {ergonomic}
    uintx NonNMethodCodeHeapSize                   = 5836300                                {pd product} {ergonomic}
    uintx NonProfiledCodeHeapSize                  = 122910970                              {pd product} {ergonomic}
    uintx ProfiledCodeHeapSize                     = 122910970                              {pd product} {ergonomic}
    uintx ReservedCodeCacheSize                    = 251658240                              {pd product} {ergonomic}
     bool SegmentedCodeCache                       = true                                      {product} {ergonomic}
     bool UseCompressedClassPointers               = true                                 {lp64_product} {ergonomic}
     bool UseCompressedOops                        = true                                 {lp64_product} {ergonomic}
     bool UseG1GC                                  = true                                      {product} {ergonomic}
     bool UseLargePagesIndividualAllocation        = false                                  {pd product} {ergonomic}

Logging:
Log output configuration:
 #0: stdout all=warning uptime,level,tags
 #1: stderr all=off uptime,level,tags

Environment Variables:
JAVA_HOME=C:\Program Files\Java\jdk-11.0.2\bin
PATH=C:\Program Files\Git\mingw64\libexec\git-core;C:\Program Files\Git\mingw64\libexec\git-core;C:\Program Files\Git\mingw64\bin;C:\Program Files\Git\usr\bin;C:\Users\YASHGOYAL\bin;C:\Program Files (x86)\Intel\Intel(R) Management Engine Components\iCLS;C:\Program Files\Intel\Intel(R) Management Engine Components\iCLS;C:\Windows\system32;C:\Windows;C:\Windows\System32\Wbem;C:\Windows\System32\WindowsPowerShell\v1.0;C:\Windows\System32\OpenSSH;C:\Program Files (x86)\Intel\Intel(R) Management Engine Components\DAL;C:\Program Files\Intel\Intel(R) Management Engine Components\DAL;C:\Program Files (x86)\Intel\Intel(R) Management Engine Components\IPT;C:\Program Files\Intel\Intel(R) Management Engine Components\IPT;C:\Program Files (x86)\NVIDIA Corporation\PhysX\Common;C:\Program Files\Intel\WiFi\bin;C:\Program Files\Common Files\Intel\WirelessCommon;C:\WINDOWS\system32;C:\WINDOWS;C:\WINDOWS\System32\Wbem;C:\WINDOWS\System32\WindowsPowerShell\v1.0;C:\WINDOWS\System32\OpenSSH;C:\xampp\php;C:\ProgramData\ComposerSetup\bin;C:\Program Files\Git\cmd;C:\Program Files\nodejs;C:\Users\YASHGOYAL\.cargo\bin;C:\Program Files\Java\jdk-11.0.2\bin;C:\Users\YASHGOYAL\.cargo\bin;C:\Users\YASHGOYAL\AppData\Local\Programs\Python\Python37-32\Scripts;C:\Users\YASHGOYAL\AppData\Local\Programs\Python\Python37-32;C:\Users\YASHGOYAL\AppData\Local\Microsoft\WindowsApps;C:\Users\YASHGOYAL\AppData\Local\Programs\Microsoft VS Code\bin;C:\Users\YASHGOYAL\AppData\Roaming\Composer\vendor\bin;C:\Users\YASHGOYAL\AppData\Roaming\npm;C:\Users\YASHGOYAL\AppData\Local\GitHubDesktop\bin;C:\ProgramData\YASHGOYAL\GitHubDesktop\bin;C:\Users\YASHGOYAL\AppData\Local\Microsoft\WindowsApps;C:\Program Files\Intel\WiFi\bin;C:\Program Files\Common Files\Intel\WirelessCommon;C:\Program Files\Java\jdk-11.0.2\bin
USERNAME=YASHGOYAL
DISPLAY=:0.0
LC_ALL=en_US.UTF-8
OS=Windows_NT
PROCESSOR_IDENTIFIER=Intel64 Family 6 Model 158 Stepping 10, GenuineIntel



---------------  S Y S T E M  ---------------

OS: Windows 10 , 64 bit Build 22000 (10.0.22000.434)
OS uptime: 46 days 6:54 hours

CPU:total 8 (initial active 8) (4 cores per cpu, 2 threads per core) family 6 model 158 stepping 10 microcode 0xde, cmov, cx8, fxsr, mmx, sse, sse2, sse3, ssse3, sse4.1, sse4.2, popcnt, avx, avx2, aes, clmul, erms, 3dnowpref, lzcnt, ht, tsc, tscinvbit, bmi1, bmi2, adx, fma

Memory: 4k page, system-wide physical 8048M (372M free)
TotalPageFile size 23176M (AvailPageFile size 0M)
current process WorkingSet (physical memory assigned to process): 16M, peak: 16M
current process commit charge ("private bytes"): 192M, peak: 192M

vm_info: OpenJDK 64-Bit Server VM (11.0.11+9-b60-7590822) for windows-amd64 JRE (11.0.11+9-b60-7590822), built on Jul 29 2021 21:43:44 by "builder" with MS VC++ 14.0 (VS2015)

END.
